  서버.cpp
C:\Users\Administator\Desktop\CHT프로젝트\서버\채팅프로젝트\서버.cpp(268,5): warning C4834: 'nodiscard' 특성이 포함된 함수의 반환 값을 버리는 중
C:\Users\Administator\Desktop\CHT프로젝트\서버\채팅프로젝트\서버.cpp(339,87): warning C4267: '인수': 'size_t'에서 'int'(으)로 변환하면서 데이터가 손실될 수 있습니다.
C:\Users\Administator\Desktop\CHT프로젝트\서버\채팅프로젝트\서버.cpp(345,81): warning C4267: '인수': 'size_t'에서 'int'(으)로 변환하면서 데이터가 손실될 수 있습니다.
C:\Users\Administator\Desktop\CHT프로젝트\서버\채팅프로젝트\서버.cpp(353,81): warning C4267: '인수': 'size_t'에서 'int'(으)로 변환하면서 데이터가 손실될 수 있습니다.
C:\Users\Administator\Desktop\CHT프로젝트\서버\채팅프로젝트\서버.cpp(367,73): warning C4267: '인수': 'size_t'에서 'int'(으)로 변환하면서 데이터가 손실될 수 있습니다.
C:\Users\Administator\Desktop\CHT프로젝트\서버\채팅프로젝트\서버.cpp(372,77): warning C4267: '인수': 'size_t'에서 'int'(으)로 변환하면서 데이터가 손실될 수 있습니다.
     C:\Users\Administator\Desktop\CHT프로젝트\서버\x64\Release\채팅프로젝트.lib 라이브러리 및 C:\Users\Administator\Desktop\CHT프로젝트\서버\x64\Release\채팅프로젝트.exp 개체를 생성하고 있습니다.
LINK : warning LNK4232: 채팅프로젝트.exe 이름에 ASCII 문자가 아닌 문자가 들어 있습니다. 949 이외의 ANSI 코드 페이지가 있는 시스템에서 DLL이 로드되지 않을 수도 있습니다.
  코드를 생성하고 있습니다.
  475 of 484 functions (98.1%) were compiled, the rest were copied from previous compilation.
    7 functions were new in current compilation
    1 functions had inline decision re-evaluated but remain unchanged
  코드를 생성했습니다.
mysqlcppconn-static.lib(mysql_driver.obj) : warning LNK4099: '' PDB를 'mysqlcppconn-static.lib(mysql_driver.obj)' 또는 ''에서 찾을 수 없습니다. 디버그 정보가 없는 것처럼 개체를 링크합니다.
mysqlcppconn-static.lib(mysql_connection.obj) : warning LNK4099: '' PDB를 'mysqlcppconn-static.lib(mysql_connection.obj)' 또는 ''에서 찾을 수 없습니다. 디버그 정보가 없는 것처럼 개체를 링크합니다.
mysqlcppconn-static.lib(mysql_native_driver_wrapper.obj) : warning LNK4099: '' PDB를 'mysqlcppconn-static.lib(mysql_native_driver_wrapper.obj)' 또는 ''에서 찾을 수 없습니다. 디버그 정보가 없는 것처럼 개체를 링크합니다.
mysqlcppconn-static.lib(mysql_uri.obj) : warning LNK4099: '' PDB를 'mysqlcppconn-static.lib(mysql_uri.obj)' 또는 ''에서 찾을 수 없습니다. 디버그 정보가 없는 것처럼 개체를 링크합니다.
mysqlcppconn-static.lib(mysql_metadata.obj) : warning LNK4099: '' PDB를 'mysqlcppconn-static.lib(mysql_metadata.obj)' 또는 ''에서 찾을 수 없습니다. 디버그 정보가 없는 것처럼 개체를 링크합니다.
mysqlcppconn-static.lib(mysql_warning.obj) : warning LNK4099: '' PDB를 'mysqlcppconn-static.lib(mysql_warning.obj)' 또는 ''에서 찾을 수 없습니다. 디버그 정보가 없는 것처럼 개체를 링크합니다.
mysqlcppconn-static.lib(mysql_prepared_statement.obj) : warning LNK4099: '' PDB를 'mysqlcppconn-static.lib(mysql_prepared_statement.obj)' 또는 ''에서 찾을 수 없습니다. 디버그 정보가 없는 것처럼 개체를 링크합니다.
mysqlcppconn-static.lib(mysql_statement.obj) : warning LNK4099: '' PDB를 'mysqlcppconn-static.lib(mysql_statement.obj)' 또는 ''에서 찾을 수 없습니다. 디버그 정보가 없는 것처럼 개체를 링크합니다.
mysqlcppconn-static.lib(mysql_debug.obj) : warning LNK4099: '' PDB를 'mysqlcppconn-static.lib(mysql_debug.obj)' 또는 ''에서 찾을 수 없습니다. 디버그 정보가 없는 것처럼 개체를 링크합니다.
mysqlcppconn-static.lib(mysql_client_api.obj) : warning LNK4099: '' PDB를 'mysqlcppconn-static.lib(mysql_client_api.obj)' 또는 ''에서 찾을 수 없습니다. 디버그 정보가 없는 것처럼 개체를 링크합니다.
mysqlcppconn-static.lib(mysql_native_connection_wrapper.obj) : warning LNK4099: '' PDB를 'mysqlcppconn-static.lib(mysql_native_connection_wrapper.obj)' 또는 ''에서 찾을 수 없습니다. 디버그 정보가 없는 것처럼 개체를 링크합니다.
mysqlcppconn-static.lib(mysql_util.obj) : warning LNK4099: '' PDB를 'mysqlcppconn-static.lib(mysql_util.obj)' 또는 ''에서 찾을 수 없습니다. 디버그 정보가 없는 것처럼 개체를 링크합니다.
mysqlcppconn-static.lib(mysql_art_resultset.obj) : warning LNK4099: '' PDB를 'mysqlcppconn-static.lib(mysql_art_resultset.obj)' 또는 ''에서 찾을 수 없습니다. 디버그 정보가 없는 것처럼 개체를 링크합니다.
mysqlcppconn-static.lib(mysql_resultbind.obj) : warning LNK4099: '' PDB를 'mysqlcppconn-static.lib(mysql_resultbind.obj)' 또는 ''에서 찾을 수 없습니다. 디버그 정보가 없는 것처럼 개체를 링크합니다.
mysqlcppconn-static.lib(mysql_ps_resultset.obj) : warning LNK4099: '' PDB를 'mysqlcppconn-static.lib(mysql_ps_resultset.obj)' 또는 ''에서 찾을 수 없습니다. 디버그 정보가 없는 것처럼 개체를 링크합니다.
mysqlcppconn-static.lib(mysql_ps_resultset_metadata.obj) : warning LNK4099: '' PDB를 'mysqlcppconn-static.lib(mysql_ps_resultset_metadata.obj)' 또는 ''에서 찾을 수 없습니다. 디버그 정보가 없는 것처럼 개체를 링크합니다.
mysqlcppconn-static.lib(mysql_parameter_metadata.obj) : warning LNK4099: '' PDB를 'mysqlcppconn-static.lib(mysql_parameter_metadata.obj)' 또는 ''에서 찾을 수 없습니다. 디버그 정보가 없는 것처럼 개체를 링크합니다.
mysqlcppconn-static.lib(mysql_resultset.obj) : warning LNK4099: '' PDB를 'mysqlcppconn-static.lib(mysql_resultset.obj)' 또는 ''에서 찾을 수 없습니다. 디버그 정보가 없는 것처럼 개체를 링크합니다.
mysqlcppconn-static.lib(mysql_native_resultset_wrapper.obj) : warning LNK4099: '' PDB를 'mysqlcppconn-static.lib(mysql_native_resultset_wrapper.obj)' 또는 ''에서 찾을 수 없습니다. 디버그 정보가 없는 것처럼 개체를 링크합니다.
mysqlcppconn-static.lib(mysql_native_statement_wrapper.obj) : warning LNK4099: '' PDB를 'mysqlcppconn-static.lib(mysql_native_statement_wrapper.obj)' 또는 ''에서 찾을 수 없습니다. 디버그 정보가 없는 것처럼 개체를 링크합니다.
mysqlcppconn-static.lib(mysql_art_rset_metadata.obj) : warning LNK4099: '' PDB를 'mysqlcppconn-static.lib(mysql_art_rset_metadata.obj)' 또는 ''에서 찾을 수 없습니다. 디버그 정보가 없는 것처럼 개체를 링크합니다.
mysqlcppconn-static.lib(mysql_resultset_metadata.obj) : warning LNK4099: '' PDB를 'mysqlcppconn-static.lib(mysql_resultset_metadata.obj)' 또는 ''에서 찾을 수 없습니다. 디버그 정보가 없는 것처럼 개체를 링크합니다.
  채팅프로젝트.vcxproj -> C:\Users\Administator\Desktop\CHT프로젝트\서버\x64\Release\채팅프로젝트.exe
